<?xml version="1.0" encoding="UTF-8"?>
<testng-results ignored="0" total="1" passed="1" failed="0" skipped="0">
  <reporter-output>
  </reporter-output>
  <suite started-at="2021-06-07T18:09:38 NZST" name="Default suite" finished-at="2021-06-07T18:09:46 NZST" duration-ms="8591">
    <groups>
    </groups>
    <test started-at="2021-06-07T18:09:38 NZST" name="Default test" finished-at="2021-06-07T18:09:46 NZST" duration-ms="8591">
      <class name="learnSelenium.Assignment02">
        <test-method signature="assignmet02()[pri:0, instance:learnSelenium.Assignment02@161479c6]" started-at="2021-06-07T18:09:38 NZST" name="assignmet02" finished-at="2021-06-07T18:09:46 NZST" duration-ms="8543" status="PASS">
          <reporter-output>
          </reporter-output>
        </test-method> <!-- assignmet02 -->
      </class> <!-- learnSelenium.Assignment02 -->
    </test> <!-- Default test -->
  </suite> <!-- Default suite -->
</testng-results>
